<?xml version="1.0" encoding="UTF-8"?>
<testsuite name="com.tiny.AsciiDocsTest" tests="1" skipped="1" failures="0" errors="0" timestamp="2019-08-01T07:00:42" hostname="IT-DEV-01" time="0.0">
  <properties/>
  <testcase name="generateAsciiDocs" classname="com.tiny.AsciiDocsTest" time="0.0">
    <skipped/>
  </testcase>
  <system-out><![CDATA[15:00:42.486 [Test worker] DEBUG org.springframework.test.context.junit4.SpringJUnit4ClassRunner - SpringJUnit4ClassRunner constructor called with [class com.tiny.AsciiDocsTest]
15:00:42.498 [Test worker] DEBUG org.springframework.test.context.BootstrapUtils - Instantiating CacheAwareContextLoaderDelegate from class [org.springframework.test.context.cache.DefaultCacheAwareContextLoaderDelegate]
15:00:42.508 [Test worker] DEBUG org.springframework.test.context.BootstrapUtils - Instantiating BootstrapContext using constructor [public org.springframework.test.context.support.DefaultBootstrapContext(java.lang.Class,org.springframework.test.context.CacheAwareContextLoaderDelegate)]
15:00:42.532 [Test worker] DEBUG org.springframework.test.context.BootstrapUtils - Instantiating TestContextBootstrapper for test class [com.tiny.AsciiDocsTest] from class [org.springframework.boot.test.context.SpringBootTestContextBootstrapper]
15:00:42.548 [Test worker] INFO org.springframework.boot.test.context.SpringBootTestContextBootstrapper - Neither @ContextConfiguration nor @ContextHierarchy found for test class [com.tiny.AsciiDocsTest], using SpringBootContextLoader
15:00:42.552 [Test worker] DEBUG org.springframework.test.context.support.AbstractContextLoader - Did not detect default resource location for test class [com.tiny.AsciiDocsTest]: class path resource [com/tiny/AsciiDocsTest-context.xml] does not exist
15:00:42.553 [Test worker] DEBUG org.springframework.test.context.support.AbstractContextLoader - Did not detect default resource location for test class [com.tiny.AsciiDocsTest]: class path resource [com/tiny/AsciiDocsTestContext.groovy] does not exist
15:00:42.553 [Test worker] INFO org.springframework.test.context.support.AbstractContextLoader - Could not detect default resource locations for test class [com.tiny.AsciiDocsTest]: no resource found for suffixes {-context.xml, Context.groovy}.
15:00:42.611 [Test worker] DEBUG org.springframework.test.context.support.ActiveProfilesUtils - Could not find an 'annotation declaring class' for annotation type [org.springframework.test.context.ActiveProfiles] and class [com.tiny.AsciiDocsTest]
15:00:42.790 [Test worker] DEBUG org.springframework.boot.test.context.SpringBootTestContextBootstrapper - @TestExecutionListeners is not present for class [com.tiny.AsciiDocsTest]: using defaults.
15:00:42.791 [Test worker] INFO org.springframework.boot.test.context.SpringBootTestContextBootstrapper - Loaded default TestExecutionListener class names from location [META-INF/spring.factories]: [org.springframework.boot.test.autoconfigure.restdocs.RestDocsTestExecutionListener, org.springframework.boot.test.autoconfigure.web.client.MockRestServiceServerResetTestExecutionListener, org.springframework.boot.test.autoconfigure.web.servlet.MockMvcPrintOnlyOnFailureTestExecutionListener, org.springframework.boot.test.autoconfigure.web.servlet.WebDriverTestExecutionListener, org.springframework.boot.test.mock.mockito.MockitoTestExecutionListener, org.springframework.boot.test.mock.mockito.ResetMocksTestExecutionListener, org.springframework.test.context.web.ServletTestExecutionListener, org.springframework.test.context.support.DirtiesContextBeforeModesTestExecutionListener, org.springframework.test.context.support.DependencyInjectionTestExecutionListener, org.springframework.test.context.support.DirtiesContextTestExecutionListener, org.springframework.test.context.transaction.TransactionalTestExecutionListener, org.springframework.test.context.jdbc.SqlScriptsTestExecutionListener]
15:00:42.818 [Test worker] INFO org.springframework.boot.test.context.SpringBootTestContextBootstrapper - Using TestExecutionListeners: [org.springframework.test.context.web.ServletTestExecutionListener@5002f7e6, org.springframework.test.context.support.DirtiesContextBeforeModesTestExecutionListener@227d683e, org.springframework.boot.test.mock.mockito.MockitoTestExecutionListener@5a18804d, org.springframework.boot.test.autoconfigure.SpringBootDependencyInjectionTestExecutionListener@751cea6, org.springframework.test.context.support.DirtiesContextTestExecutionListener@402ba46d, org.springframework.test.context.transaction.TransactionalTestExecutionListener@9de08ce, org.springframework.test.context.jdbc.SqlScriptsTestExecutionListener@175aeb50, org.springframework.boot.test.autoconfigure.restdocs.RestDocsTestExecutionListener@1e7733e3, org.springframework.boot.test.autoconfigure.web.client.MockRestServiceServerResetTestExecutionListener@362f48c, org.springframework.boot.test.autoconfigure.web.servlet.MockMvcPrintOnlyOnFailureTestExecutionListener@7a831456, org.springframework.boot.test.autoconfigure.web.servlet.WebDriverTestExecutionListener@3a43703d, org.springframework.boot.test.mock.mockito.ResetMocksTestExecutionListener@1d0ca4bd]
15:00:42.822 [Test worker] DEBUG org.springframework.test.annotation.ProfileValueUtils - Retrieved @ProfileValueSourceConfiguration [null] for test class [com.tiny.AsciiDocsTest]
15:00:42.823 [Test worker] DEBUG org.springframework.test.annotation.ProfileValueUtils - Retrieved ProfileValueSource type [class org.springframework.test.annotation.SystemProfileValueSource] for class [com.tiny.AsciiDocsTest]
15:00:42.824 [Test worker] DEBUG org.springframework.test.annotation.ProfileValueUtils - Retrieved @ProfileValueSourceConfiguration [null] for test class [com.tiny.AsciiDocsTest]
15:00:42.825 [Test worker] DEBUG org.springframework.test.annotation.ProfileValueUtils - Retrieved ProfileValueSource type [class org.springframework.test.annotation.SystemProfileValueSource] for class [com.tiny.AsciiDocsTest]
]]></system-out>
  <system-err><![CDATA[]]></system-err>
</testsuite>
